<?xml version="1.0" encoding="UTF-8"?>
<!-- Generated by org.testng.reporters.JUnitReportReporter -->
<testsuite hostname="ProBook" name="Author.TestAddDraft" tests="1" failures="0" timestamp="19 Dec 2016 14:30:12 GMT" time="9.194" errors="0">
  <testcase name="testPublishDraft" time="9.194" classname="Author.TestAddDraft"/>
</testsuite> <!-- Author.TestAddDraft -->
