<?xml version="1.0" encoding="UTF-8"?>
<!-- Generated by org.testng.reporters.JUnitReportReporter -->
<testsuite hostname="ProBook" name="Contributer.TestLoginContributer" tests="1" failures="0" timestamp="19 Dec 2016 14:30:12 GMT" time="6.164" errors="0">
  <testcase name="testLoginContributer" time="6.164" classname="Contributer.TestLoginContributer"/>
</testsuite> <!-- Contributer.TestLoginContributer -->
