<?xml version="1.0" encoding="UTF-8"?>
<!-- Generated by org.testng.reporters.JUnitReportReporter -->
<testsuite hostname="ProBook" name="Subscriber.TestLoginSubscriber" tests="1" failures="0" timestamp="19 Dec 2016 14:30:12 GMT" time="5.418" errors="0">
  <testcase name="testLoginSubscriber" time="5.418" classname="Subscriber.TestLoginSubscriber"/>
</testsuite> <!-- Subscriber.TestLoginSubscriber -->
