<?xml version="1.0" encoding="UTF-8"?>
<!-- Generated by org.testng.reporters.JUnitReportReporter -->
<testsuite hostname="ProBook" name="TestEditor" tests="4" failures="0" timestamp="18 Dec 2016 12:17:37 GMT" time="29.617" errors="0">
  <testcase name="testPublish" time="8.446" classname="TestEditor"/>
  <testcase name="testToTrash" time="7.633" classname="TestEditor"/>
  <testcase name="testAddPost" time="7.458" classname="TestEditor"/>
  <testcase name="testLoginEditor" time="6.080" classname="TestEditor"/>
</testsuite> <!-- TestEditor -->
