<?xml version="1.0" encoding="UTF-8"?>
<!-- Generated by org.testng.reporters.JUnitReportReporter -->
<testsuite hostname="ProBook" name="TestEditor" tests="4" failures="0" timestamp="18 Dec 2016 11:31:03 GMT" time="29.594" errors="0">
  <testcase name="testPublish" time="7.751" classname="TestEditor"/>
  <testcase name="testToTrash" time="7.730" classname="TestEditor"/>
  <testcase name="testAddPost" time="8.181" classname="TestEditor"/>
  <testcase name="testLoginEditor" time="5.932" classname="TestEditor"/>
</testsuite> <!-- TestEditor -->
