<?xml version="1.0" encoding="UTF-8"?>
<!-- Generated by org.testng.reporters.JUnitReportReporter -->
<testsuite hostname="ProBook" name="Subscriber.TestAddComment" tests="1" failures="0" timestamp="19 Dec 2016 14:30:12 GMT" time="20.522" errors="0">
  <testcase name="testAddComment" time="20.522" classname="Subscriber.TestAddComment"/>
</testsuite> <!-- Subscriber.TestAddComment -->
