<?xml version="1.0" encoding="UTF-8"?>
<!-- Generated by org.testng.reporters.JUnitReportReporter -->
<testsuite hostname="ProBook" name="TestAuthor" tests="4" failures="0" timestamp="18 Dec 2016 12:17:37 GMT" time="35.739" errors="0">
  <testcase name="testToTrash" time="14.335" classname="TestAuthor"/>
  <testcase name="testAddPost" time="7.224" classname="TestAuthor"/>
  <testcase name="testLoginAuthor" time="5.965" classname="TestAuthor"/>
  <testcase name="testPublishPost" time="8.215" classname="TestAuthor"/>
</testsuite> <!-- TestAuthor -->
