<?xml version="1.0" encoding="UTF-8"?>
<!-- Generated by org.testng.reporters.JUnitReportReporter -->
<testsuite hostname="ProBook" name="TestWrongData" tests="14" failures="0" timestamp="19 Dec 2016 14:30:12 GMT" time="65.630" errors="0">
  <testcase name="testSubscriberWrongPassword" time="4.979" classname="TestWrongData"/>
  <testcase name="testWithoutNickname" time="4.919" classname="TestWrongData"/>
  <testcase name="testEditorWrongPassword" time="4.972" classname="TestWrongData"/>
  <testcase name="testAuthorWrongUsernameAndPassword" time="5.002" classname="TestWrongData"/>
  <testcase name="testContributerWrongPassword" time="5.214" classname="TestWrongData"/>
  <testcase name="testEditorWrongUsernameAndPassword" time="2.768" classname="TestWrongData"/>
  <testcase name="testWithoutPassword" time="4.969" classname="TestWrongData"/>
  <testcase name="testAuthorWrongUsername" time="4.977" classname="TestWrongData"/>
  <testcase name="testEditorWrongUsername" time="4.986" classname="TestWrongData"/>
  <testcase name="testAuthorWrongPassword" time="5.030" classname="TestWrongData"/>
  <testcase name="testContributerWrongUsernameAndPassword" time="5.124" classname="TestWrongData"/>
  <testcase name="testSubscriberWrongUsername" time="2.732" classname="TestWrongData"/>
  <testcase name="testContributerWrongUsername" time="4.958" classname="TestWrongData"/>
  <testcase name="testSubscriberWrongUsernameAndPassword" time="5.000" classname="TestWrongData"/>
</testsuite> <!-- TestWrongData -->
