<?xml version="1.0" encoding="UTF-8"?>
<!-- Generated by org.testng.reporters.JUnitReportReporter -->
<testsuite hostname="ProBook" name="Author.TestLoginAuthor" tests="1" failures="0" timestamp="19 Dec 2016 14:30:12 GMT" time="3.356" errors="0">
  <testcase name="testLoginAuthor" time="3.356" classname="Author.TestLoginAuthor"/>
</testsuite> <!-- Author.TestLoginAuthor -->
