<?xml version="1.0" encoding="UTF-8"?>
<!-- Generated by org.testng.reporters.JUnitReportReporter -->
<testsuite hostname="ProBook" name="Editor.TestLogOut" tests="1" failures="0" timestamp="19 Dec 2016 14:30:12 GMT" time="4.327" errors="0">
  <testcase name="testLoginEditor" time="4.327" classname="Editor.TestLogOut"/>
</testsuite> <!-- Editor.TestLogOut -->
