<?xml version="1.0" encoding="UTF-8"?>
<!-- Generated by org.testng.reporters.JUnitReportReporter -->
<testsuite hostname="ProBook" name="TestWrongData" tests="14" failures="0" timestamp="18 Dec 2016 11:31:03 GMT" time="81.043" errors="0">
  <testcase name="testWithoutNickname" time="5.293" classname="TestWrongData"/>
  <testcase name="testContributerWrongUsernameAndPassword" time="5.102" classname="TestWrongData"/>
  <testcase name="testWithoutPassword" time="5.292" classname="TestWrongData"/>
  <testcase name="testAuthorWrongUsernameAndPassword" time="5.908" classname="TestWrongData"/>
  <testcase name="testSubscriberWrongUsername" time="10.130" classname="TestWrongData"/>
  <testcase name="testAuthorWrongUsername" time="5.323" classname="TestWrongData"/>
  <testcase name="testSubscriberWrongPassword" time="5.296" classname="TestWrongData"/>
  <testcase name="testContributerWrongUsername" time="5.064" classname="TestWrongData"/>
  <testcase name="testSubscriberWrongUsernameAndPassword" time="4.816" classname="TestWrongData"/>
  <testcase name="testEditorWrongUsernameAndPassword" time="5.977" classname="TestWrongData"/>
  <testcase name="testEditorWrongUsername" time="5.305" classname="TestWrongData"/>
  <testcase name="testAuthorWrongPassword" time="6.066" classname="TestWrongData"/>
  <testcase name="testContributerWrongPassword" time="5.609" classname="TestWrongData"/>
  <testcase name="testEditorWrongPassword" time="5.862" classname="TestWrongData"/>
</testsuite> <!-- TestWrongData -->
