<?xml version="1.0" encoding="UTF-8"?>
<!-- Generated by org.testng.reporters.JUnitReportReporter -->
<testsuite hostname="ProBook" name="TestAuthor" tests="4" failures="0" timestamp="18 Dec 2016 11:31:03 GMT" time="26.034" errors="0">
  <testcase name="testToTrash" time="8.100" classname="TestAuthor"/>
  <testcase name="testAddPost" time="7.935" classname="TestAuthor"/>
  <testcase name="testLoginAuthor" time="3.565" classname="TestAuthor"/>
  <testcase name="testPublishPost" time="6.434" classname="TestAuthor"/>
</testsuite> <!-- TestAuthor -->
