<?xml version="1.0" encoding="UTF-8"?>
<!-- Generated by org.testng.reporters.JUnitReportReporter -->
<testsuite hostname="ProBook" name="Author.TestLogOut" tests="1" failures="0" timestamp="19 Dec 2016 14:30:12 GMT" time="6.176" errors="0">
  <testcase name="testLoginAuthor" time="6.176" classname="Author.TestLogOut"/>
</testsuite> <!-- Author.TestLogOut -->
