<?xml version="1.0" encoding="UTF-8"?>
<!-- Generated by org.testng.reporters.JUnitReportReporter -->
<testsuite hostname="ProBook" name="Editor.TestAddDraft" tests="1" failures="0" timestamp="19 Dec 2016 14:30:12 GMT" time="11.179" errors="0">
  <testcase name="testAddDraft" time="11.179" classname="Editor.TestAddDraft"/>
</testsuite> <!-- Editor.TestAddDraft -->
