<?xml version="1.0" encoding="UTF-8"?>
<!-- Generated by org.testng.reporters.JUnitReportReporter -->
<testsuite hostname="ProBook" name="TestContributer" tests="1" failures="0" timestamp="18 Dec 2016 12:17:37 GMT" time="6.314" errors="0">
  <testcase name="testLoginContributer" time="6.314" classname="TestContributer"/>
</testsuite> <!-- TestContributer -->
