<?xml version="1.0" encoding="UTF-8"?>
<!-- Generated by org.testng.reporters.JUnitReportReporter -->
<testsuite hostname="ProBook" name="TestSubscriber" tests="2" failures="0" timestamp="18 Dec 2016 12:17:37 GMT" time="11.213" errors="0">
  <testcase name="testLoginSubscriber" time="5.522" classname="TestSubscriber"/>
  <testcase name="testAddComment" time="5.691" classname="TestSubscriber"/>
</testsuite> <!-- TestSubscriber -->
