<?xml version="1.0" encoding="UTF-8"?>
<!-- Generated by org.testng.reporters.JUnitReportReporter -->
<testsuite hostname="ProBook" name="Contributer.TestLogOutContributer" tests="1" failures="0" timestamp="19 Dec 2016 14:30:12 GMT" time="4.065" errors="0">
  <testcase name="testLoginContributer" time="4.065" classname="Contributer.TestLogOutContributer"/>
</testsuite> <!-- Contributer.TestLogOutContributer -->
