<?xml version="1.0" encoding="UTF-8"?>
<!-- Generated by org.testng.reporters.JUnitReportReporter -->
<testsuite hostname="ProBook" name="TestContributer" tests="1" failures="0" timestamp="18 Dec 2016 11:31:03 GMT" time="5.969" errors="0">
  <testcase name="testLoginContributer" time="5.969" classname="TestContributer"/>
</testsuite> <!-- TestContributer -->
