<?xml version="1.0" encoding="UTF-8"?>
<!-- Generated by org.testng.reporters.JUnitReportReporter -->
<testsuite hostname="ProBook" name="TestSubscriber" tests="2" failures="0" timestamp="18 Dec 2016 11:31:03 GMT" time="13.639" errors="0">
  <testcase name="testLoginSubscriber" time="5.782" classname="TestSubscriber"/>
  <testcase name="testAddComment" time="7.857" classname="TestSubscriber"/>
</testsuite> <!-- TestSubscriber -->
